<?xml version="1.0" encoding="UTF-8"?>
<!-- Generated by org.testng.reporters.JUnitReportReporter -->
<testsuite hostname="HpMain-PC1" failures="0" tests="1" name="demo.ram.com.TestCase01" time="6.807" errors="0" timestamp="05 Jan. 2021 21:06:22 GMT" skipped="0">
  <testcase classname="demo.ram.com.TestCase01" name="signin" time="6.807"/>
</testsuite> <!-- demo.ram.com.TestCase01 -->
