<?xml version="1.0" encoding="UTF-8"?>
<!-- Generated by org.testng.reporters.JUnitReportReporter -->
<testsuite hostname="HpMain-PC1" failures="0" tests="1" name="demo.ram.com.Test1" time="7.731" errors="0" timestamp="05 Jan. 2021 21:09:38 GMT" skipped="0">
  <testcase classname="demo.ram.com.Test1" name="signin" time="7.731"/>
</testsuite> <!-- demo.ram.com.Test1 -->
